<?xml version="1.0" encoding="UTF-8"?>
<!-- Generated by org.testng.reporters.JUnitReportReporter -->
<testsuite hostname="DESKTOP-O33F1PV" failures="0" tests="1" name="testRunners.TestRunner" time="32.862" errors="0" timestamp="2024-09-28T12:16:49 BDT" skipped="0">
  <testcase classname="testRunners.TestRunner" name="runScenario" time="32.862"/>
</testsuite> <!-- testRunners.TestRunner -->
