<?xml version="1.0" encoding="UTF-8"?>
<!-- Generated by org.testng.reporters.JUnitReportReporter -->
<testsuite hostname="DESKTOP-O33F1PV" failures="0" tests="1" name="testRunners.TestRunner" time="34.035" errors="0" timestamp="2024-09-28T10:42:31 BDT" skipped="0">
  <testcase classname="testRunners.TestRunner" name="runScenario" time="34.035"/>
</testsuite> <!-- testRunners.TestRunner -->
