<?xml version="1.0" encoding="UTF-8"?>
<!-- Generated by org.testng.reporters.JUnitReportReporter -->
<testsuite hostname="DESKTOP-O33F1PV" failures="0" tests="3" name="testRunners.TestRunner" time="131.488" errors="0" timestamp="2024-10-10T12:50:55 BDT" skipped="0">
  <testcase classname="testRunners.TestRunner" name="runScenario" time="60.653"/>
  <testcase classname="testRunners.TestRunner" name="runScenario" time="37.619"/>
  <testcase classname="testRunners.TestRunner" name="runScenario" time="33.216"/>
</testsuite> <!-- testRunners.TestRunner -->
