<?xml version="1.0" encoding="UTF-8"?>
<!-- Generated by org.testng.reporters.JUnitReportReporter -->
<testsuite hostname="DESKTOP-O33F1PV" failures="0" tests="1" name="testRunners.TestRunner" time="30.508" errors="0" timestamp="2024-09-28T11:07:35 BDT" skipped="0">
  <testcase classname="testRunners.TestRunner" name="runScenario" time="30.508"/>
</testsuite> <!-- testRunners.TestRunner -->
