<?xml version="1.0" encoding="UTF-8"?>
<!-- Generated by org.testng.reporters.JUnitReportReporter -->
<testsuite hostname="DESKTOP-O33F1PV" failures="0" tests="5" name="testRunners.TestRunner" time="218.257" errors="0" timestamp="2024-10-14T23:07:24 BDT" skipped="0">
  <testcase classname="testRunners.TestRunner" name="runScenario" time="66.287"/>
  <testcase classname="testRunners.TestRunner" name="runScenario" time="66.270"/>
  <testcase classname="testRunners.TestRunner" name="runScenario" time="24.797"/>
  <testcase classname="testRunners.TestRunner" name="runScenario" time="33.066"/>
  <testcase classname="testRunners.TestRunner" name="runScenario" time="27.837"/>
</testsuite> <!-- testRunners.TestRunner -->
